<?xml version="1.0" encoding="utf-8" standalone="no"?>
<!--This file represents the results of running a test suite-->
<test-results name="C:\Documents and Settings\Joshua B. Gross\My Documents\dynamicmail\DynamicMailCombined\ObjectXmlUnitTests\ObjectXmlUnitTests.csproj" total="11" failures="0" not-run="0" date="2008-01-17" time="08:24:11">
  <environment nunit-version="2.4.6.0" clr-version="2.0.50727.832" os-version="Microsoft Windows NT 5.1.2600 Service Pack 2" platform="Win32NT" cwd="C:\Documents and Settings\Joshua B. Gross\My Documents\dynamicmail\DynamicMailCombined\ObjectXmlUnitTests" machine-name="NONAME" user="Joshua B. Gross" user-domain="NONAME" />
  <culture-info current-culture="en-US" current-uiculture="en-US" />
  <test-suite name="C:\Documents and Settings\Joshua B. Gross\My Documents\dynamicmail\DynamicMailCombined\ObjectXmlUnitTests\ObjectXmlUnitTests.csproj" success="True" time="1.562" asserts="0">
    <results>
      <test-suite name="C:\Documents and Settings\Joshua B. Gross\My Documents\dynamicmail\DynamicMailCombined\ObjectXmlUnitTests\bin\Debug\Edu.Psu.Ist.DynamicMail.UnitTests.dll" success="True" time="1.562" asserts="0">
        <results>
          <test-suite name="Edu" success="True" time="1.562" asserts="0">
            <results>
              <test-suite name="Psu" success="True" time="1.562" asserts="0">
                <results>
                  <test-suite name="Ist" success="True" time="1.562" asserts="0">
                    <results>
                      <test-suite name="DynamicMail" success="True" time="1.562" asserts="0">
                        <results>
                          <test-suite name="UnitTests" success="True" time="1.552" asserts="0">
                            <results>
                              <test-suite name="ObjectXmlConverterRegistryUnitTests" success="True" time="0.120" asserts="0">
                                <results>
                                  <test-case name="Edu.Psu.Ist.DynamicMail.UnitTests.ObjectXmlConverterRegistryUnitTests.TestInvalidConverterLookup" executed="True" success="True" time="0.000" asserts="0" />
                                  <test-case name="Edu.Psu.Ist.DynamicMail.UnitTests.ObjectXmlConverterRegistryUnitTests.TestSingleton" executed="True" success="True" time="0.010" asserts="1" />
                                  <test-case name="Edu.Psu.Ist.DynamicMail.UnitTests.ObjectXmlConverterRegistryUnitTests.TestSingletonConverter" executed="True" success="True" time="0.000" asserts="3" />
                                  <test-case name="Edu.Psu.Ist.DynamicMail.UnitTests.ObjectXmlConverterRegistryUnitTests.TestValidConverterLookup" executed="True" success="True" time="0.000" asserts="6" />
                                </results>
                              </test-suite>
                              <test-suite name="ObjectXmlReaderUnitTests" success="True" time="1.162" asserts="0">
                                <results>
                                  <test-case name="Edu.Psu.Ist.DynamicMail.UnitTests.ObjectXmlReaderUnitTests.ReadInvalidXml" executed="True" success="True" time="1.021" asserts="0" />
                                  <test-case name="Edu.Psu.Ist.DynamicMail.UnitTests.ObjectXmlReaderUnitTests.ReadValidXml" executed="True" success="True" time="0.030" asserts="0" />
                                  <test-case name="Edu.Psu.Ist.DynamicMail.UnitTests.ObjectXmlReaderUnitTests.ReadValidXmlCorrectly" executed="True" success="True" time="0.100" asserts="4" />
                                </results>
                              </test-suite>
                              <test-suite name="ObjectXmlWriterUnitTests" success="True" time="0.250" asserts="0">
                                <results>
                                  <test-case name="Edu.Psu.Ist.DynamicMail.UnitTests.ObjectXmlWriterUnitTests.WriteMultipleObjects" executed="True" success="True" time="0.010" asserts="0" />
                                  <test-case name="Edu.Psu.Ist.DynamicMail.UnitTests.ObjectXmlWriterUnitTests.WriteMultipleObjectsCorrectly" executed="True" success="True" time="0.090" asserts="4" />
                                  <test-case name="Edu.Psu.Ist.DynamicMail.UnitTests.ObjectXmlWriterUnitTests.WriteSingleObject" executed="True" success="True" time="0.060" asserts="0" />
                                  <test-case name="Edu.Psu.Ist.DynamicMail.UnitTests.ObjectXmlWriterUnitTests.WriteSingleObjectCorrectly" executed="True" success="True" time="0.060" asserts="7" />
                                </results>
                              </test-suite>
                            </results>
                          </test-suite>
                        </results>
                      </test-suite>
                    </results>
                  </test-suite>
                </results>
              </test-suite>
            </results>
          </test-suite>
        </results>
      </test-suite>
    </results>
  </test-suite>
</test-results>