<?xml version="1.0" encoding="utf-8" standalone="no"?>
<!--This file represents the results of running a test suite-->
<test-results name="E:\Documents\Fall 07\IST 495\Repository\trunk\XML Manipulation\ObjectXmlUnitTests\ObjectXMLUnitTests.nunit" total="11" failures="0" not-run="0" date="2007-11-07" time="17:17:02">
  <environment nunit-version="2.4.3.0" clr-version="2.0.50727.312" os-version="Microsoft Windows NT 6.0.6000.0" platform="Win32NT" cwd="E:\Documents\Fall 07\IST 495\Repository\trunk\XML Manipulation\ObjectXmlUnitTests" machine-name="FRIDGE" user="Mike" user-domain="FRIDGE" />
  <culture-info current-culture="en-US" current-uiculture="en-US" />
  <test-suite name="E:\Documents\Fall 07\IST 495\Repository\trunk\XML Manipulation\ObjectXmlUnitTests\ObjectXMLUnitTests.nunit" success="True" time="0.732" asserts="0">
    <results>
      <test-suite name="E:\Documents\Fall 07\IST 495\Repository\trunk\XML Manipulation\ObjectXmlUnitTests\bin\Debug\Edu.Psu.Ist.DynamicMail.UnitTests.dll" success="True" time="0.724" asserts="0">
        <results>
          <test-suite name="Edu" success="True" time="0.718" asserts="0">
            <results>
              <test-suite name="Psu" success="True" time="0.713" asserts="0">
                <results>
                  <test-suite name="Ist" success="True" time="0.710" asserts="0">
                    <results>
                      <test-suite name="DynamicMail" success="True" time="0.705" asserts="0">
                        <results>
                          <test-suite name="UnitTests" success="True" time="0.699" asserts="0">
                            <results>
                              <test-suite name="ObjectXmlConverterRegistryUnitTests" success="True" time="0.065" asserts="0">
                                <results>
                                  <test-case name="Edu.Psu.Ist.DynamicMail.UnitTests.ObjectXmlConverterRegistryUnitTests.TestInvalidConverterLookup" executed="True" success="True" time="0.009" asserts="0" />
                                  <test-case name="Edu.Psu.Ist.DynamicMail.UnitTests.ObjectXmlConverterRegistryUnitTests.TestSingleton" executed="True" success="True" time="0.014" asserts="1" />
                                  <test-case name="Edu.Psu.Ist.DynamicMail.UnitTests.ObjectXmlConverterRegistryUnitTests.TestSingletonConverter" executed="True" success="True" time="0.001" asserts="3" />
                                  <test-case name="Edu.Psu.Ist.DynamicMail.UnitTests.ObjectXmlConverterRegistryUnitTests.TestValidConverterLookup" executed="True" success="True" time="0.007" asserts="6" />
                                </results>
                              </test-suite>
                              <test-suite name="ObjectXmlReaderUnitTests" success="True" time="0.531" asserts="0">
                                <results>
                                  <test-case name="Edu.Psu.Ist.DynamicMail.UnitTests.ObjectXmlReaderUnitTests.ReadInvalidXml" executed="True" success="True" time="0.438" asserts="0" />
                                  <test-case name="Edu.Psu.Ist.DynamicMail.UnitTests.ObjectXmlReaderUnitTests.ReadValidXml" executed="True" success="True" time="0.007" asserts="0" />
                                  <test-case name="Edu.Psu.Ist.DynamicMail.UnitTests.ObjectXmlReaderUnitTests.ReadValidXmlCorrectly" executed="True" success="True" time="0.059" asserts="4" />
                                </results>
                              </test-suite>
                              <test-suite name="ObjectXmlWriterUnitTests" success="True" time="0.053" asserts="0">
                                <results>
                                  <test-case name="Edu.Psu.Ist.DynamicMail.UnitTests.ObjectXmlWriterUnitTests.WriteMultipleObjects" executed="True" success="True" time="0.003" asserts="0" />
                                  <test-case name="Edu.Psu.Ist.DynamicMail.UnitTests.ObjectXmlWriterUnitTests.WriteMultipleObjectsCorrectly" executed="True" success="True" time="0.006" asserts="4" />
                                  <test-case name="Edu.Psu.Ist.DynamicMail.UnitTests.ObjectXmlWriterUnitTests.WriteSingleObject" executed="True" success="True" time="0.012" asserts="0" />
                                  <test-case name="Edu.Psu.Ist.DynamicMail.UnitTests.ObjectXmlWriterUnitTests.WriteSingleObjectCorrectly" executed="True" success="True" time="0.016" asserts="7" />
                                </results>
                              </test-suite>
                            </results>
                          </test-suite>
                        </results>
                      </test-suite>
                    </results>
                  </test-suite>
                </results>
              </test-suite>
            </results>
          </test-suite>
        </results>
      </test-suite>
    </results>
  </test-suite>
</test-results>