<?xml version="1.0" encoding="utf-8" standalone="no"?>
<!--This file represents the results of running a test suite-->
<test-results name="C:\Documents and Settings\David\Desktop\Fall07\IST496\GoogleCode\DynamicMailParser\DynamicMailParser\bin\Debug\DynamicMailParser.dll" total="1" failures="1" not-run="0" date="2007-11-08" time="11:15:08">
  <environment nunit-version="2.4.3.0" clr-version="2.0.50727.832" os-version="Microsoft Windows NT 5.1.2600 Service Pack 2" platform="Win32NT" cwd="C:\Program Files\NUnit 2.4.3\bin" machine-name="DAVID-PC" user="David" user-domain="DAVID-PC" />
  <culture-info current-culture="en-US" current-uiculture="en-US" />
  <test-suite name="C:\Documents and Settings\David\Desktop\Fall07\IST496\GoogleCode\DynamicMailParser\DynamicMailParser\bin\Debug\DynamicMailParser.dll" success="False" time="0.453" asserts="0">
    <results>
      <test-suite name="Edu" success="False" time="0.422" asserts="0">
        <results>
          <test-suite name="Psu" success="False" time="0.422" asserts="0">
            <results>
              <test-suite name="Ist" success="False" time="0.422" asserts="0">
                <results>
                  <test-suite name="DynamicMail" success="False" time="0.406" asserts="0">
                    <results>
                      <test-suite name="UnitTest" success="False" time="0.313" asserts="0">
                        <results>
                          <test-case name="Edu.Psu.Ist.DynamicMail.UnitTest.TestSubjectStem" executed="True" success="False" time="0.203" asserts="7">
                            <failure>
                              <message><![CDATA[System.InvalidCastException : Specified cast is not valid.]]></message>
                              <stack-trace><![CDATA[   at Edu.Psu.Ist.DynamicMail.ArrayListObjectXMLConverter.GetReferences(Object o) in C:\Documents and Settings\David\Desktop\Fall07\IST496\GoogleCode\XML Manipulation\XML Manipulation\ArrayListObjectXMLConverter.cs:line 29
   at Edu.Psu.Ist.DynamicMail.ObjectXmlWriter.WriteObjectXml(List`1 rootObjects, Object objectToWrite, XmlWriter writeStream, Dictionary`2 objectIDLookupTable, Int32& id) in C:\Documents and Settings\David\Desktop\Fall07\IST496\GoogleCode\XML Manipulation\XML Manipulation\ObjectXmlWriter.cs:line 157
   at Edu.Psu.Ist.DynamicMail.ObjectXmlWriter.WriteObjectXml(List`1 rootObjects, Object objectToWrite, XmlWriter writeStream, Dictionary`2 objectIDLookupTable, Int32& id) in C:\Documents and Settings\David\Desktop\Fall07\IST496\GoogleCode\XML Manipulation\XML Manipulation\ObjectXmlWriter.cs:line 162
   at Edu.Psu.Ist.DynamicMail.ObjectXmlWriter.WriteObjectXml(List`1 objectsToWrite, String outputLocation) in C:\Documents and Settings\David\Desktop\Fall07\IST496\GoogleCode\XML Manipulation\XML Manipulation\ObjectXmlWriter.cs:line 114
   at Edu.Psu.Ist.DynamicMail.ObjectXmlWriter.WriteObjectXml(Object objectToWrite, String outputLocation) in C:\Documents and Settings\David\Desktop\Fall07\IST496\GoogleCode\XML Manipulation\XML Manipulation\ObjectXmlWriter.cs:line 87
   at Edu.Psu.Ist.DynamicMail.Indexes.WriteIndexToXML() in C:\Documents and Settings\David\Desktop\Fall07\IST496\GoogleCode\DynamicMailParser\DynamicMailParser\Indexes.cs:line 57
   at Edu.Psu.Ist.DynamicMail.UnitTest.TestSubjectStem() in C:\Documents and Settings\David\Desktop\Fall07\IST496\GoogleCode\DynamicMailParser\DynamicMailParser\UnitTest.cs:line 91
]]></stack-trace>
                            </failure>
                          </test-case>
                        </results>
                      </test-suite>
                    </results>
                  </test-suite>
                </results>
              </test-suite>
            </results>
          </test-suite>
        </results>
      </test-suite>
    </results>
  </test-suite>
</test-results>