<?xml version="1.0" encoding="utf-8" standalone="no"?>
<!--This file represents the results of running a test suite-->
<test-results name="C:\Documents and Settings\David\Desktop\Fall07\IST496\GoogleCode\EmailParsing\OutlookAddin2\OutlookAddin2.csproj" total="1" failures="1" not-run="0" date="2007-09-23" time="12:40:11">
  <environment nunit-version="2.4.3.0" clr-version="2.0.50727.832" os-version="Microsoft Windows NT 5.1.2600 Service Pack 2" platform="Win32NT" cwd="C:\Documents and Settings\David\Desktop\Fall07\IST496\GoogleCode\EmailParsing\OutlookAddin2" machine-name="DAVID-PC" user="David" user-domain="DAVID-PC" />
  <culture-info current-culture="en-US" current-uiculture="en-US" />
  <test-suite name="C:\Documents and Settings\David\Desktop\Fall07\IST496\GoogleCode\EmailParsing\OutlookAddin2\OutlookAddin2.csproj" success="False" time="0.219" asserts="0">
    <results>
      <test-suite name="C:\Documents and Settings\David\Desktop\Fall07\IST496\GoogleCode\EmailParsing\OutlookAddin2\.\bin\Debug\OutlookAddin2.dll" success="False" time="0.188" asserts="0">
        <results>
          <test-suite name="OutlookAddin2" success="False" time="0.188" asserts="0">
            <results>
              <test-suite name="UnitTest" success="False" time="0.094" asserts="0">
                <results>
                  <test-case name="OutlookAddin2.UnitTest.TestSerialize" executed="True" success="False" time="0.047" asserts="0">
                    <failure>
                      <message><![CDATA[System.ArgumentNullException : Object Graph cannot be null.
Parameter name: graph]]></message>
                      <stack-trace><![CDATA[   at System.Runtime.Serialization.Formatters.Binary.ObjectWriter.Serialize(Object graph, Header[] inHeaders, __BinaryWriter serWriter, Boolean fCheck)
   at System.Runtime.Serialization.Formatters.Binary.BinaryFormatter.Serialize(Stream serializationStream, Object graph, Header[] headers, Boolean fCheck)
   at System.Runtime.Serialization.Formatters.Binary.BinaryFormatter.Serialize(Stream serializationStream, Object graph)
   at OutlookAddin2.Indexes.SaveSerial() in C:\Documents and Settings\David\Desktop\Fall07\IST496\GoogleCode\EmailParsing\OutlookAddin2\Indexes.cs:line 77
   at OutlookAddin2.UnitTest.TestSerialize() in C:\Documents and Settings\David\Desktop\Fall07\IST496\GoogleCode\EmailParsing\OutlookAddin2\UnitTest.cs:line 94
]]></stack-trace>
                    </failure>
                  </test-case>
                </results>
              </test-suite>
            </results>
          </test-suite>
        </results>
      </test-suite>
    </results>
  </test-suite>
</test-results>