<?xml version="1.0" encoding="utf-8" standalone="no"?>
<!--This file represents the results of running a test suite-->
<test-results name="C:\Documents and Settings\David\Desktop\Fall07\IST496\GoogleCode\XML Manipulation\ObjectXmlUnitTests\bin\Debug\ObjectXmlUnitTests.dll" total="0" failures="0" not-run="0" date="2007-11-07" time="10:41:06">
  <environment nunit-version="2.4.3.0" clr-version="2.0.50727.832" os-version="Microsoft Windows NT 5.1.2600 Service Pack 2" platform="Win32NT" cwd="C:\Documents and Settings\David\Desktop\Fall07\IST496\GoogleCode\XML Manipulation\ObjectXmlUnitTests\bin\Debug" machine-name="DAVID-PC" user="David" user-domain="DAVID-PC" />
  <culture-info current-culture="en-US" current-uiculture="en-US" />
  <test-suite name="C:\Documents and Settings\David\Desktop\Fall07\IST496\GoogleCode\XML Manipulation\ObjectXmlUnitTests\bin\Debug\ObjectXmlUnitTests.dll" success="True" time="0.141" asserts="0">
    <results>
      <test-suite name="ObjectXmlUnitTests" success="True" time="0.125" asserts="0">
        <results>
          <test-suite name="ObjectXmlConverterRegistryUnitTests" success="True" time="0.000" asserts="0">
            <results />
          </test-suite>
        </results>
      </test-suite>
    </results>
  </test-suite>
</test-results>